"../../../../../szoftverfejlesztes_zh/Content/StarterContent/Materials/M_Basic_Wall.uasset" 0
"../../../../../szoftverfejlesztes_zh/Content/StarterContent/Architecture/Pillar_50x500.uasset" 1
"../../../../../szoftverfejlesztes_zh/Content/StarterContent/Architecture/Wall_400x300.uasset" 2
"../../../../../szoftverfejlesztes_zh/Content/StarterContent/Architecture/Wall_400x400.uasset" 3
"../../../../../szoftverfejlesztes_zh/Content/StarterContent/Architecture/Wall_500x500.uasset" 4
"../../../../../szoftverfejlesztes_zh/Content/StarterContent/Architecture/Wall_Door_400x400.uasset" 5
"../../../../../szoftverfejlesztes_zh/Content/StarterContent/Architecture/Wall_Window_400x400.uasset" 6
"../../../../../szoftverfejlesztes_zh/Content/StarterContent/Audio/Collapse01.uasset" 7
"../../../../../szoftverfejlesztes_zh/Content/StarterContent/Audio/Collapse02.uasset" 8
"../../../../../szoftverfejlesztes_zh/Content/StarterContent/Audio/Explosion01.uasset" 9
"../../../../../szoftverfejlesztes_zh/Content/StarterContent/Audio/Explosion02.uasset" 10
"../../../../../szoftverfejlesztes_zh/Content/StarterContent/Audio/Fire01.uasset" 11
"../../../../../szoftverfejlesztes_zh/Content/StarterContent/Audio/Fire_Sparks01.uasset" 12
"../../../../../szoftverfejlesztes_zh/Content/StarterContent/Audio/Light01.uasset" 13
"../../../../../szoftverfejlesztes_zh/Content/StarterContent/Audio/Light01_Cue.uasset" 14
"../../../../../szoftverfejlesztes_zh/Content/StarterContent/Audio/Light02.uasset" 15
"../../../../../szoftverfejlesztes_zh/Content/StarterContent/Audio/Light02_Cue.uasset" 16
"../../../../../szoftverfejlesztes_zh/Content/StarterContent/Audio/Smoke01.uasset" 17
"../../../../../szoftverfejlesztes_zh/Content/StarterContent/Audio/Starter_Birds01.uasset" 18
"../../../../../szoftverfejlesztes_zh/Content/StarterContent/Audio/Starter_Music01.uasset" 19
"../../../../../szoftverfejlesztes_zh/Content/StarterContent/Audio/Starter_Wind05.uasset" 20
"../../../../../szoftverfejlesztes_zh/Content/StarterContent/Audio/Starter_Wind06.uasset" 21
"../../../../../szoftverfejlesztes_zh/Content/StarterContent/Audio/Steam01.uasset" 22
"../../../../../szoftverfejlesztes_zh/Content/StarterContent/Audio/Explosion_Cue.uasset" 23
"../../../../../szoftverfejlesztes_zh/Content/StarterContent/Textures/T_Smoke_Tiled_D.uasset" 24
"../../../../../szoftverfejlesztes_zh/Content/StarterContent/Textures/T_Smoke_SubUV.uasset" 25
"../../../../../szoftverfejlesztes_zh/Content/StarterContent/Particles/Materials/M_smoke_subUV.uasset" 26
"../../../Engine/Content/Functions/Engine_MaterialFunctions01/Gradient/RadialGradient.uasset" 27
"../../../../../szoftverfejlesztes_zh/Content/StarterContent/Particles/Materials/M_radial_ramp.uasset" 28
"../../../../../szoftverfejlesztes_zh/Content/StarterContent/Particles/Materials/m_flare_01.uasset" 29
"../../../../../szoftverfejlesztes_zh/Content/StarterContent/Textures/T_Explosion_SubUV.uasset" 30
"../../../../../szoftverfejlesztes_zh/Content/StarterContent/Particles/Materials/M_explosion_subUV.uasset" 31
"../../../../../szoftverfejlesztes_zh/Content/StarterContent/Textures/T_Burst_M.uasset" 32
"../../../../../szoftverfejlesztes_zh/Content/StarterContent/Particles/Materials/M_Burst.uasset" 33
"../../../../../szoftverfejlesztes_zh/Content/StarterContent/Particles/P_Explosion.uasset" 34
"../../../../../szoftverfejlesztes_zh/Content/StarterContent/Blueprints/Blueprint_Effect_Explosion.uasset" 35
"../../../../../szoftverfejlesztes_zh/Content/StarterContent/Maps/_GENERATED/pappj/Sphere_Type_2_F85B76A2.uasset" 36
"../../../Engine/Content/EditorMeshes/ColorCalibrator/T_ColorGrid.uasset" 37
"../../../../../szoftverfejlesztes_zh/Content/StarterContent/Materials/M_ColorGrid_LowSpec.uasset" 38
"../../../../../szoftverfejlesztes_zh/Content/StarterContent/Textures/T_Bush_N.uasset" 39
"../../../../../szoftverfejlesztes_zh/Content/StarterContent/Textures/T_Bush_D.uasset" 40
"../../../../../szoftverfejlesztes_zh/Content/StarterContent/Props/Materials/M_Bush.uasset" 41
"../../../../../szoftverfejlesztes_zh/Content/StarterContent/Props/SM_Bush.uasset" 42
"../../../../../szoftverfejlesztes_zh/Content/StarterContent/Textures/T_Chair_N.uasset" 43
"../../../../../szoftverfejlesztes_zh/Content/StarterContent/Textures/T_Chair_M.uasset" 44
"../../../../../szoftverfejlesztes_zh/Content/StarterContent/Props/Materials/M_Chair.uasset" 45
"../../../../../szoftverfejlesztes_zh/Content/StarterContent/Props/SM_Couch.uasset" 46
"../../../../../szoftverfejlesztes_zh/Content/StarterContent/Textures/T_Door_N.uasset" 47
"../../../../../szoftverfejlesztes_zh/Content/StarterContent/Textures/T_Door_M.uasset" 48
"../../../../../szoftverfejlesztes_zh/Content/StarterContent/Props/Materials/M_Door.uasset" 49
"../../../../../szoftverfejlesztes_zh/Content/StarterContent/Materials/M_Glass.uasset" 50
"../../../../../szoftverfejlesztes_zh/Content/StarterContent/Props/SM_Door.uasset" 51
"../../../../../szoftverfejlesztes_zh/Content/StarterContent/Props/Materials/M_MaterialSphere_Plain.uasset" 52
"../../../../../szoftverfejlesztes_zh/Content/StarterContent/Props/Materials/M_MaterialSphere.uasset" 53
"../../../../../szoftverfejlesztes_zh/Content/StarterContent/Props/SM_MatPreviewMesh_02.uasset" 54
"../../../../../szoftverfejlesztes_zh/Content/StarterContent/Textures/T_RockMesh_N.uasset" 55
"../../../../../szoftverfejlesztes_zh/Content/StarterContent/Textures/T_RockMesh_M.uasset" 56
"../../../../../szoftverfejlesztes_zh/Content/StarterContent/Textures/T_Rock_Basalt_D.uasset" 57
"../../../Engine/Content/Functions/Engine_MaterialFunctions02/Utility/BlendAngleCorrectedNormals.uasset" 58
"../../../../../szoftverfejlesztes_zh/Content/StarterContent/Textures/T_Detail_Rocky_N.uasset" 59
"../../../../../szoftverfejlesztes_zh/Content/StarterContent/Props/Materials/M_Rock.uasset" 60
"../../../../../szoftverfejlesztes_zh/Content/StarterContent/Props/SM_Rock.uasset" 61
"../../../../../szoftverfejlesztes_zh/Content/StarterContent/Textures/T_Shelf_N.uasset" 62
"../../../../../szoftverfejlesztes_zh/Content/StarterContent/Textures/T_Shelf_M.uasset" 63
"../../../../../szoftverfejlesztes_zh/Content/StarterContent/Props/Materials/M_Shelf.uasset" 64
"../../../../../szoftverfejlesztes_zh/Content/StarterContent/Props/SM_Shelf.uasset" 65
"../../../../../szoftverfejlesztes_zh/Content/StarterContent/Materials/M_Basic_Floor.uasset" 66
"../../../../../szoftverfejlesztes_zh/Content/StarterContent/Props/SM_Stairs.uasset" 67
"../../../../../szoftverfejlesztes_zh/Content/StarterContent/Shapes/Shape_Cone.uasset" 68
"../../../../../szoftverfejlesztes_zh/Content/StarterContent/Shapes/Shape_Cylinder.uasset" 69
"../../../../../szoftverfejlesztes_zh/Content/StarterContent/Shapes/Shape_NarrowCapsule.uasset" 70
"../../../../../szoftverfejlesztes_zh/Content/StarterContent/Shapes/Shape_Pipe.uasset" 71
"../../../../../szoftverfejlesztes_zh/Content/StarterContent/Shapes/Shape_Pipe_180.uasset" 72
"../../../../../szoftverfejlesztes_zh/Content/StarterContent/Shapes/Shape_Pipe_90.uasset" 73
"../../../../../szoftverfejlesztes_zh/Content/StarterContent/Shapes/Shape_Plane.uasset" 74
"../../../../../szoftverfejlesztes_zh/Content/StarterContent/Shapes/Shape_Torus.uasset" 75
"../../../../../szoftverfejlesztes_zh/Content/StarterContent/Shapes/Shape_Trim.uasset" 76
"../../../../../szoftverfejlesztes_zh/Content/StarterContent/Shapes/Shape_Trim_90_In.uasset" 77
"../../../../../szoftverfejlesztes_zh/Content/StarterContent/Shapes/Shape_Trim_90_Out.uasset" 78
"../../../../../szoftverfejlesztes_zh/Content/StarterContent/Shapes/Shape_TriPyramid.uasset" 79
"../../../../../szoftverfejlesztes_zh/Content/StarterContent/Shapes/Shape_Tube.uasset" 80
"../../../../../szoftverfejlesztes_zh/Content/StarterContent/Shapes/Shape_Wedge_A.uasset" 81
"../../../../../szoftverfejlesztes_zh/Content/StarterContent/Shapes/Shape_Wedge_B.uasset" 82
"../../../../../szoftverfejlesztes_zh/Content/StarterContent/Shapes/Shape_WideCapsule.uasset" 83
"../../../Engine/Content/Functions/Engine_MaterialFunctions01/Opacity/CameraDepthFade.uasset" 84
"../../../Engine/Content/EngineMaterials/T_Default_Material_Grid_N.uasset" 85
"../../../Engine/Content/EngineMaterials/T_Default_Material_Grid_M.uasset" 86
"../../../Engine/Content/EngineMaterials/WorldGridMaterial.uasset" 87
"../../../Engine/Content/ArtTools/RenderToTexture/Meshes/S_1_Unit_Plane.uasset" 88
"../../../Engine/Content/EngineMaterials/DefaultMaterial.uasset" 89
"../../../Engine/Content/BasicShapes/Cone.uasset" 90
"../../../Engine/Content/BasicShapes/Cube.uasset" 91
"../../../Engine/Content/BasicShapes/Plane.uasset" 92
"../../../Engine/Content/EditorLandscapeResources/DataLayer.uasset" 93
"../../../Engine/Content/EditorLandscapeResources/DefaultAlphaTexture.uasset" 94
"../../../Engine/Content/EditorMaterials/MAT_Groups_Toggle.uasset" 95
"../../../Engine/Content/EditorMaterials/MAT_Groups_Visibility.uasset" 96
"../../../Engine/Content/EditorMaterials/PreviewShadowIndicator.uasset" 97
"../../../Engine/Content/EditorMaterials/PreviewShadowIndicatorMaterial.uasset" 98
"../../../Engine/Content/EditorMaterials/MatineeGroups/MAT_ColorTrack.uasset" 99
"../../../Engine/Content/EditorMaterials/MatineeGroups/MAT_Groups_Anim.uasset" 100
"../../../Engine/Content/EditorMaterials/MatineeGroups/MAT_Groups_AudioMaster.uasset" 101
"../../../Engine/Content/EditorMaterials/MatineeGroups/MAT_Groups_Director.uasset" 102
"../../../Engine/Content/EditorMaterials/MatineeGroups/MAT_Groups_Event.uasset" 103
"../../../Engine/Content/EditorMaterials/MatineeGroups/MAT_Groups_Fade.uasset" 104
"../../../Engine/Content/EditorMaterials/MatineeGroups/MAT_Groups_Float.uasset" 105
"../../../Engine/Content/EditorMaterials/MatineeGroups/MAT_Groups_Move.uasset" 106
"../../../Engine/Content/EditorMaterials/MatineeGroups/MAT_Groups_Slomo.uasset" 107
"../../../Engine/Content/EditorMaterials/MatineeGroups/MAT_Groups_Sound.uasset" 108
"../../../Engine/Content/EditorMaterials/MatineeGroups/MAT_Groups_Vector.uasset" 109
"../../../Engine/Content/EditorMaterials/ParticleSystems/PSysThumbnail_NoImage.uasset" 110
"../../../Engine/Content/EditorMaterials/ParticleSystems/PSysThumbnail_OOD.uasset" 111
"../../../Engine/Content/EditorMaterials/Camera/CineMat.uasset" 112
"../../../Engine/Content/EditorMaterials/Camera/MI_CineMat_Rig.uasset" 113
"../../../Engine/Content/EditorMeshes/Camera/SM_CraneRig_Arm.uasset" 114
"../../../Engine/Content/EditorMeshes/Camera/SM_CraneRig_Base.uasset" 115
"../../../Engine/Content/EditorMeshes/Camera/SM_CraneRig_Body.uasset" 116
"../../../Engine/Content/EditorMeshes/Camera/SM_CraneRig_Mount.uasset" 117
"../../../Engine/Content/EditorMeshes/Camera/SM_RailRig_Mount.uasset" 118
"../../../Engine/Content/EditorMeshes/Camera/SM_RailRig_Track.uasset" 119
"../../../Engine/Content/EditorResources/BSPVertex.uasset" 120
"../../../Engine/Content/EditorResources/EmptyActor.uasset" 121
"../../../Engine/Content/EditorResources/S_Actor.uasset" 122
"../../../Engine/Content/EditorResources/S_Note.uasset" 123
"../../../Engine/Content/EditorResources/S_Solver.uasset" 124
"../../../Engine/Content/EditorResources/S_Terrain.uasset" 125
"../../../Engine/Content/EditorResources/S_Trigger.uasset" 126
"../../../Engine/Content/EditorResources/AudioIcons/S_AudioComponent.uasset" 127
"../../../Engine/Content/EditorResources/AudioIcons/S_AudioComponent_AutoActivate.uasset" 128
"../../../Engine/Content/EditorResources/LightIcons/S_LightError.uasset" 129
"../../../Engine/Content/EditorResources/SequenceRecorder/Countdown.uasset" 130
"../../../Engine/Content/EditorResources/SequenceRecorder/RecordingIndicator.uasset" 131
"../../../Engine/Content/EngineDamageTypes/DmgTypeBP_Environmental.uasset" 132
"../../../Engine/Content/EngineDebugMaterials/DebugEditorMaterial.uasset" 133
"../../../Engine/Content/EngineDebugMaterials/DebugMeshMaterial.uasset" 134
"../../../Engine/Content/EngineDebugMaterials/M_SimpleUnlitTranslucent.uasset" 135
"../../../Engine/Content/EngineDebugMaterials/VolumeToRender.uasset" 136
"../../../Engine/Content/Functions/Engine_MaterialFunctions02/Utility/CameraDirectionVector.uasset" 137
"../../../Engine/Content/EngineDebugMaterials/M_VolumeRenderSphereTracePP.uasset" 138
"../../../Engine/Content/Functions/Engine_MaterialFunctions01/Shading/ConvertFromDiffSpec.uasset" 139
"../../../Engine/Content/EngineDebugMaterials/VertexColorMaterial.uasset" 140
"../../../Engine/Content/EngineDebugMaterials/WireframeMaterial.uasset" 141
"../../../Engine/Content/EngineFonts/Faces/RobotoRegular.uasset" 142
"../../../Engine/Content/EngineFonts/Faces/RobotoLight.uasset" 143
"../../../Engine/Content/EngineFonts/Faces/RobotoItalic.uasset" 144
"../../../Engine/Content/EngineFonts/Faces/RobotoBoldItalic.uasset" 145
"../../../Engine/Content/EngineFonts/Faces/RobotoBold.uasset" 146
"../../../Engine/Content/EngineFonts/Faces/DroidSansFallback.uasset" 147
"../../../Engine/Content/EngineFonts/Roboto.uasset" 148
"../../../Engine/Content/EngineMaterials/BaseFlattenNormalMap.uasset" 149
"../../../Engine/Content/EngineMaterials/BaseFlattenGrayscaleMap.uasset" 150
"../../../Engine/Content/EngineMaterials/BaseFlattenEmissiveMap.uasset" 151
"../../../Engine/Content/EngineMaterials/BaseFlattenDiffuseMap.uasset" 152
"../../../Engine/Content/EngineMaterials/BaseFlattenMaterial.uasset" 153
"../../../Engine/Content/EngineMaterials/BlueNoise.uasset" 154
"../../../Engine/Content/EngineMaterials/DefaultBloomKernel.uasset" 155
"../../../Engine/Content/EngineMaterials/DefaultBokeh.uasset" 156
"../../../Engine/Content/EngineMaterials/DefaultDiffuse.uasset" 157
"../../../Engine/Content/EngineMaterials/DefaultDeferredDecalMaterial.uasset" 158
"../../../Engine/Content/EngineMaterials/DefaultLightFunctionMaterial.uasset" 159
"../../../Engine/Content/EngineMaterials/DefaultPhysicalMaterial.uasset" 160
"../../../Engine/Content/Functions/Engine_MaterialFunctions02/Utility/BreakOutFloat2Components.uasset" 161
"../../../Engine/Content/EngineMaterials/DefaultPostProcessMaterial.uasset" 162
"../../../Engine/Content/EngineFonts/RobotoDistanceField.uasset" 163
"../../../Engine/Content/EngineMaterials/DefaultTextMaterialOpaque.uasset" 164
"../../../Engine/Content/EngineMaterials/DefaultWhiteGrid.uasset" 165
"../../../Engine/Content/EngineMaterials/DefaultWhiteGrid_Low.uasset" 166
"../../../Engine/Content/EngineMaterials/EmissiveMeshMaterial.uasset" 167
"../../../Engine/Content/EngineMaterials/GizmoMaterial.uasset" 168
"../../../Engine/Content/EngineMaterials/Good64x64TilingNoiseHighFreq.uasset" 169
"../../../Engine/Content/EngineMaterials/MiniFont.uasset" 170
"../../../Engine/Content/EngineMaterials/InvalidLightmapSettings.uasset" 171
"../../../Engine/Content/EngineMaterials/M_InvalidLightmapSettings.uasset" 172
"../../../Engine/Content/Functions/Engine_MaterialFunctions02/WorldPositionOffset/CameraOffset.uasset" 173
"../../../Engine/Content/EngineMaterials/PhAT_JointLimitMaterial.uasset" 174
"../../../Engine/Content/EngineMaterials/PreintegratedSkinBRDF.uasset" 175
"../../../Engine/Content/EngineMaterials/RemoveSurfaceMaterial.uasset" 176
"../../../Engine/Content/EngineMaterials/WeightMapPlaceholderTexture.uasset" 177
"../../../Engine/Content/EngineResources/WhiteSquareTexture.uasset" 178
"../../../Engine/Content/EngineMaterials/Widget3DPassThrough.uasset" 179
"../../../Engine/Content/EngineMaterials/Widget3DPassThrough_Masked.uasset" 180
"../../../Engine/Content/EngineMaterials/Widget3DPassThrough_Opaque.uasset" 181
"../../../Engine/Content/EngineMaterials/Widget3DPassThrough_Masked_OneSided.uasset" 182
"../../../Engine/Content/EngineMaterials/Widget3DPassThrough_Opaque_OneSided.uasset" 183
"../../../Engine/Content/EngineMaterials/Widget3DPassThrough_Translucent.uasset" 184
"../../../Engine/Content/EngineMaterials/Widget3DPassThrough_Translucent_OneSided.uasset" 185
"../../../Engine/Content/EngineMeshes/Cylinder.uasset" 186
"../../../Engine/Content/EngineMeshes/Sphere.uasset" 187
"../../../Engine/Content/EngineResources/Black.uasset" 188
"../../../Engine/Content/EngineResources/DefaultTextureCube.uasset" 189
"../../../Engine/Content/EngineResources/DefaultVolumeTexture2D.uasset" 190
"../../../Engine/Content/EngineResources/DefaultVolumeTexture.uasset" 191
"../../../Engine/Content/EngineResources/GradientTexture0.uasset" 192
"../../../Engine/Content/EngineSky/VolumetricClouds/T_NoiseShape64.uasset" 193
"../../../Engine/Content/EngineSky/VolumetricClouds/T_VolumeNoiseShape64.uasset" 194
"../../../Engine/Content/EngineSky/VolumetricClouds/T_NoiseErosion.uasset" 195
"../../../Engine/Content/EngineSky/VolumetricClouds/T_VolumeNoiseErosion32.uasset" 196
"../../../Engine/Content/EngineSky/VolumetricClouds/CloudWeatherTexture.uasset" 197
"../../../Engine/Content/EngineSky/VolumetricClouds/CloudGradientTexture.uasset" 198
"../../../Engine/Content/Functions/Engine_MaterialFunctions02/Utility/MakeFloat2.uasset" 199
"../../../Engine/Content/EngineSky/VolumetricClouds/m_SimpleVolumetricCloud.uasset" 200
"../../../Engine/Content/EngineSky/VolumetricClouds/m_SimpleVolumetricCloud_Inst.uasset" 201
"../../../Engine/Content/EngineSounds/Master.uasset" 202
"../../../Engine/Content/Functions/Engine_MaterialFunctions01/Shading/PowerToRoughness.uasset" 203
"../../../Engine/Content/Maps/Templates/Thumbnails/Default.uasset" 204
"../../../Engine/Content/Maps/Templates/Thumbnails/TimeOfDay.uasset" 205
"../../../Engine/Content/Maps/Templates/Thumbnails/VR-Basic.uasset" 206
"../../../Engine/Content/MobileResources/T_MobileControls_texture.uasset" 207
"../../../Engine/Content/MobileResources/T_MobileMenu2.uasset" 208
"../../../Engine/Content/MobileResources/HUD/AnalogHat.uasset" 209
"../../../Engine/Content/MobileResources/HUD/VirtualJoystick_Thumb.uasset" 210
"../../../Engine/Content/MobileResources/HUD/VirtualJoystick_Background.uasset" 211
"../../../Engine/Content/MobileResources/HUD/DefaultVirtualJoysticks.uasset" 212
"../../../Engine/Content/MobileResources/HUD/LeftVirtualJoystickOnly.uasset" 213
"../../../Engine/Content/MobileResources/HUD/MobileHUDButton1_off.uasset" 214
"../../../Engine/Content/MobileResources/HUD/MobileHUDButton1_on.uasset" 215
"../../../Engine/Content/MobileResources/HUD/MobileHUDButton2_off.uasset" 216
"../../../Engine/Content/MobileResources/HUD/MobileHUDButton2_on.uasset" 217
"../../../Engine/Content/MobileResources/HUD/MobileHUDButton3.uasset" 218
"../../../Engine/Content/MobileResources/HUD/MobileHUDButtonFire.uasset" 219
"../../../Engine/Content/MobileResources/HUD/MobileHUDDirectionPad.uasset" 220
"../../../Engine/Content/MobileResources/HUD/MobileHUDDirectionPad2.uasset" 221
"../../../Engine/Content/MobileResources/HUD/MobileHUDDirectionPad3.uasset" 222
"../../../Engine/Content/MobileResources/HUD/MobileHUDDirectionStick.uasset" 223
"../../../Engine/Content/MobileResources/HUD/T_Castle_ThumbstickInner.uasset" 224
"../../../Engine/Content/MobileResources/HUD/T_Castle_ThumbstickOutter.uasset" 225
"../../../Engine/Content/Tutorial/ContentIntroCurve.uasset" 226
"../../../Engine/Content/Tutorial/Basics/LevelEditorAttract.uasset" 227
"../../../Engine/Content/Tutorial/Basics/TutorialAssets/icon_tab_Levels_40x.uasset" 228
"../../../Engine/Content/Tutorial/Basics/LevelEditorOverview.uasset" 229
"../../../Engine/Content/Tutorial/BlueprintTutorials/TutorialAssets/Blueprint_64x.uasset" 230
"../../../Engine/Content/Tutorial/BlueprintTutorials/BlueprintEditorTutorial.uasset" 231
"../../../Engine/Content/Tutorial/SubEditors/MaterialEditorTutorial.uasset" 232
"../../../Engine/Content/Tutorial/SubEditors/TutorialAssets/TutorialMaterial.uasset" 233
"../../../Engine/Content/VREditor/TransformGizmo/TranslucentTransformGizmoMaterial.uasset" 234
"../../../Engine/Content/VREditor/LaserPointer/VR_LaserPower_01.uasset" 235
"../../../Engine/Content/VREditor/TransformGizmo/TransformGizmoMaterial.uasset" 236
"../../../Engine/Content/VREditor/TransformGizmo/BoundingBoxCorner.uasset" 237
"../../../Engine/Content/VREditor/TransformGizmo/BoundingBoxEdge.uasset" 238
"../../../Engine/Content/VREditor/TransformGizmo/PlaneTranslationHandle.uasset" 239
"../../../Engine/Content/VREditor/TransformGizmo/Xray.uasset" 240
"../../../Engine/Content/VREditor/TransformGizmo/Main.uasset" 241
"../../../Engine/Content/VREditor/TransformGizmo/SM_Sequencer_Key.uasset" 242
"../../../Engine/Content/VREditor/TransformGizmo/SM_Sequencer_Node.uasset" 243
"../../Plugins/2D/Paper2D/Content/PlaceholderTextures/DummySpriteTexture.uasset" 244
"../../Plugins/2D/Paper2D/Content/DummySprite.uasset" 245
"../../Plugins/2D/Paper2D/Content/DefaultPaperTerrainMaterial.uasset" 246
"../../Plugins/2D/Paper2D/Content/DefaultSpriteMaterial.uasset" 247
"../../Plugins/2D/Paper2D/Content/MaskedUnlitSpriteMaterial.uasset" 248
"../../Plugins/2D/Paper2D/Content/OpaqueUnlitSpriteMaterial.uasset" 249
"../../../Engine/Content/Functions/Engine_MaterialFunctions02/Utility/BreakOutFloat3Components.uasset" 250
"../../Plugins/Editor/SpeedTreeImporter/Content/SpeedTree9/UnpackInteger3.uasset" 251
"../../Plugins/Editor/SpeedTreeImporter/Content/SpeedTree9/UnpackDirection.uasset" 252
"../../Plugins/Editor/SpeedTreeImporter/Content/SpeedTree9/game_wind_noise.uasset" 253
"../../../Engine/Content/Functions/Engine_MaterialFunctions02/SafeNormalize.uasset" 254
"../../Plugins/Editor/SpeedTreeImporter/Content/SpeedTree9/SpeedTreeWindMotion.uasset" 255
"../../Plugins/Editor/SpeedTreeImporter/Content/SpeedTree9/SpeedTreeBranchMotion.uasset" 256
"../../../Engine/Content/Functions/Engine_MaterialFunctions02/ObjectLocalBounds.uasset" 257
"../../../Engine/Content/Functions/Engine_MaterialFunctions02/UVs/BoundingBoxBased_0-1_UVW.uasset" 258
"../../Plugins/Editor/SpeedTreeImporter/Content/SpeedTree9/SpeedTreeWind.uasset" 259
"../../Plugins/Editor/SpeedTreeImporter/Content/SpeedTree9/SpeedTreeBillboard.uasset" 260
"../../../Engine/Content/EngineResources/DefaultTexture.uasset" 261
"../../Plugins/Editor/SpeedTreeImporter/Content/SpeedTree9/SpeedTreeBillboardMaster.uasset" 262
"../../Plugins/Editor/SpeedTreeImporter/Content/SpeedTree9/SpeedTreeCameraFacing.uasset" 263
"../../Plugins/Editor/SpeedTreeImporter/Content/SpeedTree9/SpeedTreeMaster.uasset" 264
"../../../Engine/Content/BasicShapes/Cylinder.uasset" 265
"../../../Engine/Content/ArtTools/RenderToTexture/Materials/Debug/M_Emissive_Color.uasset" 266
"../../Plugins/Lumin/MagicLeapPassableWorld/Content/MagicLeapARPinInfoActor.uasset" 267
"../../Plugins/Runtime/HairStrands/Content/Materials/HairCardsDefaultMaterial.uasset" 268
"../../../Engine/Content/EngineMaterials/HairDebugColor.uasset" 269
"../../../Engine/Content/EngineMaterials/HairColorMap.uasset" 270
"../../../Engine/Content/Functions/Engine_MaterialFunctions02/Utility/MakeFloat3.uasset" 271
"../../Plugins/Runtime/HairStrands/Content/Materials/HairDebugMaterial.uasset" 272
"../../Plugins/Runtime/HairStrands/Content/Materials/HairDefaultMaterial.uasset" 273
"../../Plugins/Runtime/HairStrands/Content/Materials/HairMeshesDefaultMaterial.uasset" 274
"../../../Engine/Content/Functions/Engine_MaterialFunctions02/Utility/BreakOutFloat4Components.uasset" 275
"../../Plugins/Runtime/Oculus/OculusVR/Content/Materials/OculusMR_ChromaKey.uasset" 276
"../../Plugins/Runtime/Oculus/OculusVR/Content/Materials/OculusMR_OpaqueColoredMaterial.uasset" 277
"../../Plugins/Runtime/Oculus/OculusVR/Content/Materials/PokeAHoleMaterial.uasset" 278
"../../../../../szoftverfejlesztes_zh/Content/blueprints/ui_text.uasset" 279
"../../../../../szoftverfejlesztes_zh/Content/blueprints/Material_001.uasset" 280
"../../../../../szoftverfejlesztes_zh/Content/blueprints/rocket.uasset" 281
"../../../Engine/Content/BasicShapes/Sphere.uasset" 282
"../../../../../szoftverfejlesztes_zh/Content/textures/2k_earth_specular_map.uasset" 283
"../../../../../szoftverfejlesztes_zh/Content/textures/2k_earth_normal_map.uasset" 284
"../../../../../szoftverfejlesztes_zh/Content/textures/2k_earth_nightmap.uasset" 285
"../../../../../szoftverfejlesztes_zh/Content/textures/2k_earth_daymap.uasset" 286
"../../../../../szoftverfejlesztes_zh/Content/textures/mat_Earth.uasset" 287
"../../../../../szoftverfejlesztes_zh/Content/textures/2k_earth_clouds.uasset" 288
"../../../../../szoftverfejlesztes_zh/Content/textures/mat_clouds.uasset" 289
"../../../Engine/Content/BasicShapes/BasicShapeMaterial.uasset" 290
"../../../../../szoftverfejlesztes_zh/Content/blueprints/blup_gameInstance.uasset" 291
"../../../Engine/Content/EditorBlueprintResources/StandardMacros.uasset" 292
"../../../../../szoftverfejlesztes_zh/Content/Maps/_GENERATED/pappj/Sphere_Type_2_0A420F9D.uasset" 293
"../../../../../szoftverfejlesztes_zh/Content/blueprints/blup_camera.uasset" 294
"../../../../../szoftverfejlesztes_zh/Content/blueprints/blup_gameMode.uasset" 295
"../../../../../szoftverfejlesztes_zh/Content/Maps/lvl_space.umap" 296
"../../../../../szoftverfejlesztes_zh/Content/StarterContent/Materials/M_AssetPlatform.uasset" 297
"../../../../../szoftverfejlesztes_zh/Content/StarterContent/Architecture/SM_AssetPlatform.uasset" 298
"../../../../../szoftverfejlesztes_zh/Content/StarterContent/Blueprints/Assets/FogBrightnessLUT.uasset" 299
"../../../../../szoftverfejlesztes_zh/Content/StarterContent/Blueprints/Assets/SunlightColorLUT.uasset" 300
"../../../../../szoftverfejlesztes_zh/Content/StarterContent/Blueprints/Assets/M_LightStage_Arrows.uasset" 301
"../../../Engine/Content/MapTemplates/Sky/DaylightAmbientCubemap.uasset" 302
"../../../../../szoftverfejlesztes_zh/Content/StarterContent/Blueprints/Assets/M_LightStage_Skybox_Master.uasset" 303
"../../../../../szoftverfejlesztes_zh/Content/StarterContent/Blueprints/Assets/M_LightStage_Skybox_Black.uasset" 304
"../../../../../szoftverfejlesztes_zh/Content/StarterContent/Blueprints/Assets/M_LightStage_Skybox_HDRI.uasset" 305
"../../../Engine/Content/EditorMaterials/Thumbnails/SkySphereMaterial.uasset" 306
"../../../../../szoftverfejlesztes_zh/Content/StarterContent/Blueprints/Assets/Skybox.uasset" 307
"../../../../../szoftverfejlesztes_zh/Content/StarterContent/Blueprints/Assets/SM_Arrows.uasset" 308
"../../../../../szoftverfejlesztes_zh/Content/StarterContent/HDRI/HDRI_Epic_Courtyard_Daylight.uasset" 309
"../../../../../szoftverfejlesztes_zh/Content/StarterContent/Blueprints/BP_LightStudio.uasset" 310
"../../../../../szoftverfejlesztes_zh/Content/StarterContent/Maps/Advanced_Lighting_BuiltData.uasset" 311
"../../../Engine/Content/EditorMeshes/ColorCalibrator/M_GreyBall.uasset" 312
"../../../Engine/Content/EditorMeshes/ColorCalibrator/Color_checker.uasset" 313
"../../../Engine/Content/EditorMeshes/ColorCalibrator/M_ColorGrid.uasset" 314
"../../../Engine/Content/EditorMeshes/ColorCalibrator/M_ClearCoatBlack.uasset" 315
"../../../Engine/Content/EditorMeshes/ColorCalibrator/M_ClearCoat.uasset" 316
"../../../Engine/Content/EditorMeshes/ColorCalibrator/M_ChromeBall.uasset" 317
"../../../Engine/Content/EditorMeshes/ColorCalibrator/SM_ColorCalibrator.uasset" 318
"../../../../../szoftverfejlesztes_zh/Content/StarterContent/Maps/Advanced_Lighting.umap" 319
"../../../Engine/Content/EngineSky/T_Sky_Blue.uasset" 320
"../../../Engine/Content/EngineSky/T_Sky_Clouds_M.uasset" 321
"../../../Engine/Content/EngineSky/T_Sky_Stars.uasset" 322
"../../../Engine/Content/EngineSky/M_Sky_Panning_Clouds2.uasset" 323
"../../../Engine/Content/EngineSky/SM_SkySphere.uasset" 324
"../../../Engine/Content/EngineSky/C_Sky_Zenith_Color.uasset" 325
"../../../Engine/Content/EngineSky/C_Sky_Horizon_Color.uasset" 326
"../../../Engine/Content/EngineSky/C_Sky_Cloud_Color.uasset" 327
"../../../Engine/Content/EngineSky/BP_Sky_Sphere.uasset" 328
"../../../../../szoftverfejlesztes_zh/Content/StarterContent/Maps/Minimal_Default_BuiltData.uasset" 329
"../../../../../szoftverfejlesztes_zh/Content/StarterContent/Maps/Minimal_Default.umap" 330
"../../../../../szoftverfejlesztes_zh/Content/StarterContent/Audio/Collapse_Cue.uasset" 331
"../../../../../szoftverfejlesztes_zh/Content/StarterContent/Architecture/Wall_Window_400x300.uasset" 332
"../../../../../szoftverfejlesztes_zh/Content/StarterContent/Architecture/Wall_Door_400x300.uasset" 333
"../../../../../szoftverfejlesztes_zh/Content/StarterContent/Architecture/Wall_400x200.uasset" 334
"../../../../../szoftverfejlesztes_zh/Content/StarterContent/Architecture/Floor_400x400.uasset" 335
"../../../../../szoftverfejlesztes_zh/Content/StarterContent/Textures/T_Lamp_N.uasset" 336
"../../../../../szoftverfejlesztes_zh/Content/StarterContent/Textures/T_Lamp_M.uasset" 337
"../../../../../szoftverfejlesztes_zh/Content/StarterContent/Props/Materials/M_Lamp.uasset" 338
"../../../../../szoftverfejlesztes_zh/Content/StarterContent/Props/SM_Lamp_Ceiling.uasset" 339
"../../../../../szoftverfejlesztes_zh/Content/StarterContent/Blueprints/Blueprint_CeilingLight.uasset" 340
"../../../../../szoftverfejlesztes_zh/Content/StarterContent/Audio/Fire01_Cue.uasset" 341
"../../../../../szoftverfejlesztes_zh/Content/StarterContent/Particles/Materials/M_Radial_Gradient.uasset" 342
"../../../../../szoftverfejlesztes_zh/Content/StarterContent/Textures/T_Water_N.uasset" 343
"../../../../../szoftverfejlesztes_zh/Content/StarterContent/Particles/Materials/M_Heat_Distortion.uasset" 344
"../../../../../szoftverfejlesztes_zh/Content/StarterContent/Textures/T_Fire_Tiled_D.uasset" 345
"../../../../../szoftverfejlesztes_zh/Content/StarterContent/Textures/T_Fire_SubUV.uasset" 346
"../../../../../szoftverfejlesztes_zh/Content/StarterContent/Particles/Materials/M_Fire_SubUV.uasset" 347
"../../../../../szoftverfejlesztes_zh/Content/StarterContent/Particles/P_Fire.uasset" 348
"../../../../../szoftverfejlesztes_zh/Content/StarterContent/Blueprints/Blueprint_Effect_Fire.uasset" 349
"../../../../../szoftverfejlesztes_zh/Content/StarterContent/Particles/P_Smoke.uasset" 350
"../../../../../szoftverfejlesztes_zh/Content/StarterContent/Audio/Smoke01_Cue.uasset" 351
"../../../../../szoftverfejlesztes_zh/Content/StarterContent/Blueprints/Blueprint_Effect_Smoke.uasset" 352
"../../../../../szoftverfejlesztes_zh/Content/StarterContent/Audio/Fire_Sparks01_Cue.uasset" 353
"../../../../../szoftverfejlesztes_zh/Content/StarterContent/Textures/T_Spark_Core.uasset" 354
"../../../../../szoftverfejlesztes_zh/Content/StarterContent/Particles/Materials/M_Spark.uasset" 355
"../../../../../szoftverfejlesztes_zh/Content/StarterContent/Particles/P_Sparks.uasset" 356
"../../../../../szoftverfejlesztes_zh/Content/StarterContent/Blueprints/Blueprint_Effect_Sparks.uasset" 357
"../../../../../szoftverfejlesztes_zh/Content/StarterContent/Particles/P_Steam_Lit.uasset" 358
"../../../../../szoftverfejlesztes_zh/Content/StarterContent/Audio/Steam01_Cue.uasset" 359
"../../../../../szoftverfejlesztes_zh/Content/StarterContent/Blueprints/Blueprint_Effect_Steam.uasset" 360
"../../../../../szoftverfejlesztes_zh/Content/StarterContent/Props/SM_Lamp_Wall.uasset" 361
"../../../../../szoftverfejlesztes_zh/Content/StarterContent/Blueprints/Blueprint_WallSconce.uasset" 362
"../../../../../szoftverfejlesztes_zh/Content/StarterContent/Textures/T_Concrete_Poured_N.uasset" 363
"../../../../../szoftverfejlesztes_zh/Content/StarterContent/Textures/T_Concrete_Poured_D.uasset" 364
"../../../../../szoftverfejlesztes_zh/Content/StarterContent/Textures/T_Perlin_Noise_M.uasset" 365
"../../../../../szoftverfejlesztes_zh/Content/StarterContent/Textures/T_MacroVariation.uasset" 366
"../../../../../szoftverfejlesztes_zh/Content/StarterContent/Materials/M_Concrete_Poured.uasset" 367
"../../../../../szoftverfejlesztes_zh/Content/StarterContent/Maps/StarterMap_BuiltData.uasset" 368
"../../../Engine/Content/Functions/Engine_MaterialFunctions03/Procedurals/ComputeFilterWidth.uasset" 369
"../../../Engine/Content/EngineMaterials/AntiAliasedTextMaterialTranslucent.uasset" 370
"../../../../../szoftverfejlesztes_zh/Content/StarterContent/Textures/T_Brick_Clay_Beveled_D.uasset" 371
"../../../../../szoftverfejlesztes_zh/Content/StarterContent/Textures/T_Brick_Clay_Beveled_M.uasset" 372
"../../../../../szoftverfejlesztes_zh/Content/StarterContent/Textures/T_Brick_Clay_Beveled_N.uasset" 373
"../../../../../szoftverfejlesztes_zh/Content/StarterContent/Materials/M_Brick_Clay_Beveled.uasset" 374
"../../../../../szoftverfejlesztes_zh/Content/StarterContent/Textures/T_Brick_Clay_New_D.uasset" 375
"../../../../../szoftverfejlesztes_zh/Content/StarterContent/Textures/T_Brick_Clay_New_M.uasset" 376
"../../../../../szoftverfejlesztes_zh/Content/StarterContent/Textures/T_Brick_Clay_New_N.uasset" 377
"../../../../../szoftverfejlesztes_zh/Content/StarterContent/Materials/M_Brick_Clay_New.uasset" 378
"../../../../../szoftverfejlesztes_zh/Content/StarterContent/Textures/T_Brick_Clay_Old_N.uasset" 379
"../../../../../szoftverfejlesztes_zh/Content/StarterContent/Textures/T_Brick_Clay_Old_D.uasset" 380
"../../../../../szoftverfejlesztes_zh/Content/StarterContent/Materials/M_Brick_Clay_Old.uasset" 381
"../../../../../szoftverfejlesztes_zh/Content/StarterContent/Textures/T_Brick_Cut_Stone_N.uasset" 382
"../../../../../szoftverfejlesztes_zh/Content/StarterContent/Textures/T_Brick_Cut_Stone_D.uasset" 383
"../../../../../szoftverfejlesztes_zh/Content/StarterContent/Materials/M_Brick_Cut_Stone.uasset" 384
"../../../../../szoftverfejlesztes_zh/Content/StarterContent/Textures/T_Brick_Hewn_Stone_N.uasset" 385
"../../../../../szoftverfejlesztes_zh/Content/StarterContent/Textures/T_Brick_Hewn_Stone_M.uasset" 386
"../../../../../szoftverfejlesztes_zh/Content/StarterContent/Textures/T_Brick_Hewn_Stone_D.uasset" 387
"../../../../../szoftverfejlesztes_zh/Content/StarterContent/Materials/M_Brick_Hewn_Stone.uasset" 388
"../../../../../szoftverfejlesztes_zh/Content/StarterContent/Textures/T_Rock_Marble_Polished_D.uasset" 389
"../../../../../szoftverfejlesztes_zh/Content/StarterContent/Textures/T_Ceramic_Tile_N.uasset" 390
"../../../../../szoftverfejlesztes_zh/Content/StarterContent/Textures/T_Ceramic_Tile_M.uasset" 391
"../../../../../szoftverfejlesztes_zh/Content/StarterContent/Materials/M_Ceramic_Tile_Checker.uasset" 392
"../../../../../szoftverfejlesztes_zh/Content/StarterContent/Textures/T_CobbleStone_Pebble_N.uasset" 393
"../../../../../szoftverfejlesztes_zh/Content/StarterContent/Textures/T_CobbleStone_Pebble_M.uasset" 394
"../../../../../szoftverfejlesztes_zh/Content/StarterContent/Textures/T_CobbleStone_Pebble_D.uasset" 395
"../../../../../szoftverfejlesztes_zh/Content/StarterContent/Materials/M_CobbleStone_Pebble.uasset" 396
"../../../../../szoftverfejlesztes_zh/Content/StarterContent/Textures/T_Rock_Smooth_Granite_D.uasset" 397
"../../../../../szoftverfejlesztes_zh/Content/StarterContent/Textures/T_Gradinet_01.uasset" 398
"../../../../../szoftverfejlesztes_zh/Content/StarterContent/Textures/T_CobbleStone_Rough_N.uasset" 399
"../../../../../szoftverfejlesztes_zh/Content/StarterContent/Textures/T_CobbleStone_Rough_D.uasset" 400
"../../../../../szoftverfejlesztes_zh/Content/StarterContent/Materials/M_CobbleStone_Rough.uasset" 401
"../../../../../szoftverfejlesztes_zh/Content/StarterContent/Textures/T_CobbleStone_Smooth_N.uasset" 402
"../../../../../szoftverfejlesztes_zh/Content/StarterContent/Textures/T_CobbleStone_Smooth_M.uasset" 403
"../../../../../szoftverfejlesztes_zh/Content/StarterContent/Textures/T_CobbleStone_Smooth_D.uasset" 404
"../../../../../szoftverfejlesztes_zh/Content/StarterContent/Materials/M_CobbleStone_Smooth.uasset" 405
"../../../../../szoftverfejlesztes_zh/Content/StarterContent/Textures/T_Metal_Rust_N.uasset" 406
"../../../../../szoftverfejlesztes_zh/Content/StarterContent/Textures/T_Concrete_Grime_D.uasset" 407
"../../../../../szoftverfejlesztes_zh/Content/StarterContent/Materials/M_Concrete_Grime.uasset" 408
"../../../../../szoftverfejlesztes_zh/Content/StarterContent/Textures/T_Concrete_Panels_N.uasset" 409
"../../../../../szoftverfejlesztes_zh/Content/StarterContent/Textures/T_Concrete_Panels_D.uasset" 410
"../../../../../szoftverfejlesztes_zh/Content/StarterContent/Materials/M_Concrete_Panels.uasset" 411
"../../../../../szoftverfejlesztes_zh/Content/StarterContent/Textures/T_Concrete_Tiles_Variation_M.uasset" 412
"../../../../../szoftverfejlesztes_zh/Content/StarterContent/Textures/T_Concrete_Tiles_N.uasset" 413
"../../../../../szoftverfejlesztes_zh/Content/StarterContent/Textures/T_Concrete_Tiles_M.uasset" 414
"../../../../../szoftverfejlesztes_zh/Content/StarterContent/Textures/T_Concrete_Tiles_D.uasset" 415
"../../../../../szoftverfejlesztes_zh/Content/StarterContent/Materials/M_Concrete_Tiles.uasset" 416
"../../../../../szoftverfejlesztes_zh/Content/StarterContent/Textures/T_Ground_Grass_N.uasset" 417
"../../../../../szoftverfejlesztes_zh/Content/StarterContent/Textures/T_Ground_Grass_D.uasset" 418
"../../../../../szoftverfejlesztes_zh/Content/StarterContent/Materials/M_Ground_Grass.uasset" 419
"../../../../../szoftverfejlesztes_zh/Content/StarterContent/Textures/T_Ground_Gravel_N.uasset" 420
"../../../../../szoftverfejlesztes_zh/Content/StarterContent/Textures/T_Ground_Gravel_D.uasset" 421
"../../../../../szoftverfejlesztes_zh/Content/StarterContent/Materials/M_Ground_Gravel.uasset" 422
"../../../../../szoftverfejlesztes_zh/Content/StarterContent/Textures/T_Ground_Moss_N.uasset" 423
"../../../../../szoftverfejlesztes_zh/Content/StarterContent/Textures/T_ground_Moss_D.uasset" 424
"../../../../../szoftverfejlesztes_zh/Content/StarterContent/Materials/M_Ground_Moss.uasset" 425
"../../../../../szoftverfejlesztes_zh/Content/StarterContent/Materials/M_Metal_Brushed_Nickel.uasset" 426
"../../../../../szoftverfejlesztes_zh/Content/StarterContent/Textures/T_Metal_Gold_N.uasset" 427
"../../../../../szoftverfejlesztes_zh/Content/StarterContent/Textures/T_Metal_Aluminum_D.uasset" 428
"../../../../../szoftverfejlesztes_zh/Content/StarterContent/Materials/M_Metal_Burnished_Steel.uasset" 429
"../../../../../szoftverfejlesztes_zh/Content/StarterContent/Materials/M_Metal_Chrome.uasset" 430
"../../../../../szoftverfejlesztes_zh/Content/StarterContent/Textures/T_Metal_Copper_D.uasset" 431
"../../../../../szoftverfejlesztes_zh/Content/StarterContent/Materials/M_Metal_Copper.uasset" 432
"../../../../../szoftverfejlesztes_zh/Content/StarterContent/Textures/T_Metal_Gold_D.uasset" 433
"../../../../../szoftverfejlesztes_zh/Content/StarterContent/Materials/M_Metal_Gold.uasset" 434
"../../../../../szoftverfejlesztes_zh/Content/StarterContent/Textures/T_Metal_Rust_D.uasset" 435
"../../../../../szoftverfejlesztes_zh/Content/StarterContent/Materials/M_Metal_Rust.uasset" 436
"../../../../../szoftverfejlesztes_zh/Content/StarterContent/Textures/T_Metal_Steel_N.uasset" 437
"../../../../../szoftverfejlesztes_zh/Content/StarterContent/Textures/T_Metal_Steel_D.uasset" 438
"../../../../../szoftverfejlesztes_zh/Content/StarterContent/Materials/M_Metal_Steel.uasset" 439
"../../../../../szoftverfejlesztes_zh/Content/StarterContent/Textures/T_Rock_Basalt_N.uasset" 440
"../../../../../szoftverfejlesztes_zh/Content/StarterContent/Materials/M_Rock_Basalt.uasset" 441
"../../../../../szoftverfejlesztes_zh/Content/StarterContent/Audio/Starter_Background_Cue.uasset" 442
"../../../../../szoftverfejlesztes_zh/Content/StarterContent/Audio/Starter_Music_Cue.uasset" 443
"../../../../../szoftverfejlesztes_zh/Content/StarterContent/Materials/M_Rock_Marble_Polished.uasset" 444
"../../../../../szoftverfejlesztes_zh/Content/StarterContent/Textures/T_Rock_Sandstone_N.uasset" 445
"../../../../../szoftverfejlesztes_zh/Content/StarterContent/Textures/T_Rock_Sandstone_D.uasset" 446
"../../../../../szoftverfejlesztes_zh/Content/StarterContent/Materials/M_Rock_Sandstone.uasset" 447
"../../../../../szoftverfejlesztes_zh/Content/StarterContent/Textures/T_Rock_Slate_N.uasset" 448
"../../../../../szoftverfejlesztes_zh/Content/StarterContent/Textures/T_Rock_Slate_D.uasset" 449
"../../../../../szoftverfejlesztes_zh/Content/StarterContent/Materials/M_Rock_Slate.uasset" 450
"../../../../../szoftverfejlesztes_zh/Content/StarterContent/Textures/T_Tech_Dot_N.uasset" 451
"../../../../../szoftverfejlesztes_zh/Content/StarterContent/Textures/T_Tech_Dot_M.uasset" 452
"../../../../../szoftverfejlesztes_zh/Content/StarterContent/Textures/T_Single_Tile_N.uasset" 453
"../../../../../szoftverfejlesztes_zh/Content/StarterContent/Textures/T_Checker_Noise_M.uasset" 454
"../../../../../szoftverfejlesztes_zh/Content/StarterContent/Materials/M_Tech_Checker_Dot.uasset" 455
"../../../../../szoftverfejlesztes_zh/Content/StarterContent/Textures/T_Tech_Hex_Tile_N.uasset" 456
"../../../../../szoftverfejlesztes_zh/Content/StarterContent/Textures/T_Tech_Hex_Tile_M.uasset" 457
"../../../../../szoftverfejlesztes_zh/Content/StarterContent/Materials/M_Tech_Hex_Tile_Pulse.uasset" 458
"../../../../../szoftverfejlesztes_zh/Content/StarterContent/Textures/T_Tech_Panel_N.uasset" 459
"../../../../../szoftverfejlesztes_zh/Content/StarterContent/Textures/T_Tech_Panel_M.uasset" 460
"../../../../../szoftverfejlesztes_zh/Content/StarterContent/Materials/M_Tech_Panel.uasset" 461
"../../../../../szoftverfejlesztes_zh/Content/StarterContent/Materials/M_Tech_Hex_Tile.uasset" 462
"../../../../../szoftverfejlesztes_zh/Content/StarterContent/Materials/M_Water_Lake.uasset" 463
"../../../../../szoftverfejlesztes_zh/Content/StarterContent/Textures/T_Water_M.uasset" 464
"../../../../../szoftverfejlesztes_zh/Content/StarterContent/Materials/M_Water_Ocean.uasset" 465
"../../../../../szoftverfejlesztes_zh/Content/StarterContent/Textures/T_Wood_Floor_Walnut_N.uasset" 466
"../../../../../szoftverfejlesztes_zh/Content/StarterContent/Textures/T_Wood_Floor_Walnut_M.uasset" 467
"../../../../../szoftverfejlesztes_zh/Content/StarterContent/Textures/T_Wood_Floor_Walnut_D.uasset" 468
"../../../../../szoftverfejlesztes_zh/Content/StarterContent/Materials/M_Wood_Floor_Walnut_Polished.uasset" 469
"../../../Engine/Content/Functions/Engine_MaterialFunctions01/Opacity/AlphaOffset.uasset" 470
"../../../../../szoftverfejlesztes_zh/Content/StarterContent/Materials/M_Wood_Floor_Walnut_Worn.uasset" 471
"../../../../../szoftverfejlesztes_zh/Content/StarterContent/Textures/T_Wood_Oak_N.uasset" 472
"../../../../../szoftverfejlesztes_zh/Content/StarterContent/Textures/T_Wood_Oak_D.uasset" 473
"../../../../../szoftverfejlesztes_zh/Content/StarterContent/Materials/M_Wood_Oak.uasset" 474
"../../../../../szoftverfejlesztes_zh/Content/StarterContent/Textures/T_Wood_Pine_N.uasset" 475
"../../../../../szoftverfejlesztes_zh/Content/StarterContent/Textures/T_Wood_Pine_D.uasset" 476
"../../../../../szoftverfejlesztes_zh/Content/StarterContent/Materials/M_Wood_Pine.uasset" 477
"../../../../../szoftverfejlesztes_zh/Content/StarterContent/Textures/T_Wood_Walnut_N.uasset" 478
"../../../../../szoftverfejlesztes_zh/Content/StarterContent/Textures/T_Wood_Walnut_D.uasset" 479
"../../../../../szoftverfejlesztes_zh/Content/StarterContent/Materials/M_Wood_Walnut.uasset" 480
"../../../../../szoftverfejlesztes_zh/Content/StarterContent/Props/MaterialSphere.uasset" 481
"../../../../../szoftverfejlesztes_zh/Content/StarterContent/Props/SM_Chair.uasset" 482
"../../../../../szoftverfejlesztes_zh/Content/StarterContent/Textures/T_Frame_N.uasset" 483
"../../../../../szoftverfejlesztes_zh/Content/StarterContent/Textures/T_Frame_M.uasset" 484
"../../../../../szoftverfejlesztes_zh/Content/StarterContent/Props/Materials/M_Frame.uasset" 485
"../../../../../szoftverfejlesztes_zh/Content/StarterContent/Props/SM_CornerFrame.uasset" 486
"../../../../../szoftverfejlesztes_zh/Content/StarterContent/Props/SM_DoorFrame.uasset" 487
"../../../../../szoftverfejlesztes_zh/Content/StarterContent/Props/SM_GlassWindow.uasset" 488
"../../../../../szoftverfejlesztes_zh/Content/StarterContent/Props/SM_PillarFrame.uasset" 489
"../../../../../szoftverfejlesztes_zh/Content/StarterContent/Props/SM_PillarFrame300.uasset" 490
"../../../../../szoftverfejlesztes_zh/Content/StarterContent/Textures/T_Statue_N.uasset" 491
"../../../../../szoftverfejlesztes_zh/Content/StarterContent/Textures/T_Statue_M.uasset" 492
"../../../../../szoftverfejlesztes_zh/Content/StarterContent/Props/Materials/M_StatueGlass.uasset" 493
"../../../../../szoftverfejlesztes_zh/Content/StarterContent/Props/Materials/M_Statue.uasset" 494
"../../../../../szoftverfejlesztes_zh/Content/StarterContent/Props/SM_Statue.uasset" 495
"../../../../../szoftverfejlesztes_zh/Content/StarterContent/Textures/T_TableRound_N.uasset" 496
"../../../../../szoftverfejlesztes_zh/Content/StarterContent/Textures/T_TableRound_M.uasset" 497
"../../../../../szoftverfejlesztes_zh/Content/StarterContent/Props/Materials/M_TableRound.uasset" 498
"../../../../../szoftverfejlesztes_zh/Content/StarterContent/Props/SM_TableRound.uasset" 499
"../../../../../szoftverfejlesztes_zh/Content/StarterContent/Props/SM_WindowFrame.uasset" 500
"../../../../../szoftverfejlesztes_zh/Content/StarterContent/Shapes/Shape_Cube.uasset" 501
"../../../../../szoftverfejlesztes_zh/Content/StarterContent/Shapes/Shape_QuadPyramid.uasset" 502
"../../../../../szoftverfejlesztes_zh/Content/StarterContent/Shapes/Shape_Sphere.uasset" 503
"../../../../../szoftverfejlesztes_zh/Content/StarterContent/Textures/T_Dust_Particle_D.uasset" 504
"../../../../../szoftverfejlesztes_zh/Content/StarterContent/Particles/Materials/M_Dust_Particle.uasset" 505
"../../../../../szoftverfejlesztes_zh/Content/StarterContent/Particles/P_Ambient_Dust.uasset" 506
"../../../../../szoftverfejlesztes_zh/Content/StarterContent/Maps/StarterMap.umap" 507
"../../../Engine/Content/Maps/Entry_BuiltData.uasset" 508
"../../../Engine/Content/Maps/Entry.umap" 509
